[toki.land/index.html]
[backblue.gif]
[fade.gif]
[index.html]
[toki.land/css/normalize.css]
[toki.land/css/toki.css]
[toki.land/css/tokitoki.css]
[toki.land/images/favicon.ico]
[toki.land/images/webclip.png]
[toki.land/images/name.png]
[toki.land/images/toki2.png]
[toki.land/images/toki.png]
[d3e54v103j8qbb.cloudfront.net/js/jquery-3.5.1.min.dc5e7f18c85fb4.js]
[toki.land/js/leaves.js]
[toki.land/index.html]
[toki.land/css/normalize.css]
[toki.land/css/toki.css]
[toki.land/js/toki.js]
[toki.land/images/BG.jpg]
[toki.land/images/grain.png]
[toki.land/images/tg.svg]
[toki.land/images/x.svg]
[toki.land/images/dex.png]
[toki.land/images/dextools.svg]
[toki.land/css/tokitoki.css]
[toki.land/js/toki.js]
[toki.land/images/leaves.png]
[toki.land/js/leaves.js]
[toki.land/images/tg.svg]
[toki.land/images/x.svg]
[toki.land/images/dextools.svg]
